<?xml version="1.0" encoding="UTF-8"?>
<testng-results ignored="0" total="1" passed="1" failed="0" skipped="0">
  <reporter-output>
  </reporter-output>
  <suite started-at="2021-11-24T15:13:49 IST" name="Suite" finished-at="2021-11-24T15:14:06 IST" duration-ms="16769">
    <groups>
    </groups>
    <test started-at="2021-11-24T15:13:49 IST" name="Test" finished-at="2021-11-24T15:14:06 IST" duration-ms="16769">
      <class name="test_script.TestScript_01">
        <test-method is-config="true" signature="selectBrowser(java.lang.String)[pri:0, instance:test_script.TestScript_01@4d0f2471]" started-at="2021-11-24T15:13:49 IST" name="selectBrowser" finished-at="2021-11-24T15:14:02 IST" duration-ms="13349" status="PASS">
          <params>
            <param index="0">
              <value>
                <![CDATA[Firefox]]>
              </value>
            </param>
          </params>
          <reporter-output>
          </reporter-output>
        </test-method> <!-- selectBrowser -->
        <test-method signature="testmethod()[pri:0, instance:test_script.TestScript_01@4d0f2471]" started-at="2021-11-24T15:14:02 IST" name="testmethod" finished-at="2021-11-24T15:14:05 IST" duration-ms="2166" status="PASS">
          <reporter-output>
          </reporter-output>
        </test-method> <!-- testmethod -->
        <test-method is-config="true" signature="closeBrowser()[pri:0, instance:test_script.TestScript_01@4d0f2471]" started-at="2021-11-24T15:14:05 IST" name="closeBrowser" finished-at="2021-11-24T15:14:06 IST" duration-ms="1215" status="PASS">
          <reporter-output>
          </reporter-output>
        </test-method> <!-- closeBrowser -->
      </class> <!-- test_script.TestScript_01 -->
    </test> <!-- Test -->
  </suite> <!-- Suite -->
</testng-results>
